The C compiler identification could not be found in "/root/Dev/CLionProjects/MathUtils/cmake-build-debug-coverage/CMakeFiles/3.17.3/CompilerIdC/CMakeCCompilerId.gcno"

The CXX compiler identification could not be found in "/root/Dev/CLionProjects/MathUtils/cmake-build-debug-coverage/CMakeFiles/3.17.3/CompilerIdCXX/CMakeCXXCompilerId.gcno"

Performing C SOURCE FILE Test CMAKE_HAVE_LIBC_PTHREAD failed with the following output:
Change Dir: /root/Dev/CLionProjects/MathUtils/cmake-build-debug-coverage/CMakeFiles/CMakeTmp

Run Build Command(s):/usr/bin/gmake cmTC_dce23/fast && /usr/bin/gmake  -f CMakeFiles/cmTC_dce23.dir/build.make CMakeFiles/cmTC_dce23.dir/build
gmake[1]: Entering directory '/root/Dev/CLionProjects/MathUtils/cmake-build-debug-coverage/CMakeFiles/CMakeTmp'
Building C object CMakeFiles/cmTC_dce23.dir/src.c.o
/usr/bin/cc   --coverage -DCMAKE_HAVE_LIBC_PTHREAD   -o CMakeFiles/cmTC_dce23.dir/src.c.o   -c /root/Dev/CLionProjects/MathUtils/cmake-build-debug-coverage/CMakeFiles/CMakeTmp/src.c
Linking C executable cmTC_dce23
/root/Dev/clion-2020.2.1/bin/cmake/linux/bin/cmake -E cmake_link_script CMakeFiles/cmTC_dce23.dir/link.txt --verbose=1
/usr/bin/cc --coverage -DCMAKE_HAVE_LIBC_PTHREAD    CMakeFiles/cmTC_dce23.dir/src.c.o  -o cmTC_dce23 
/usr/bin/ld: CMakeFiles/cmTC_dce23.dir/src.c.o: in function `main':
src.c:(.text+0x53): undefined reference to `pthread_create'
/usr/bin/ld: src.c:(.text+0x71): undefined reference to `pthread_detach'
/usr/bin/ld: src.c:(.text+0x8f): undefined reference to `pthread_cancel'
/usr/bin/ld: src.c:(.text+0xb2): undefined reference to `pthread_join'
collect2: error: ld returned 1 exit status
gmake[1]: *** [CMakeFiles/cmTC_dce23.dir/build.make:107: cmTC_dce23] Error 1
gmake[1]: Leaving directory '/root/Dev/CLionProjects/MathUtils/cmake-build-debug-coverage/CMakeFiles/CMakeTmp'
gmake: *** [Makefile:141: cmTC_dce23/fast] Error 2


Source file was:
#include <pthread.h>

void* test_func(void* data)
{
  return data;
}

int main(void)
{
  pthread_t thread;
  pthread_create(&thread, NULL, test_func, NULL);
  pthread_detach(thread);
  pthread_cancel(thread);
  pthread_join(thread, NULL);
  pthread_atfork(NULL, NULL, NULL);
  pthread_exit(NULL);

  return 0;
}

